mode: set
github.com/vinizer4/go-expert-fullcycle/challenges/rate-limiter/cmd/api/main.go:8.13,10.16 2 0
github.com/vinizer4/go-expert-fullcycle/challenges/rate-limiter/cmd/api/main.go:10.16,11.13 1 0
github.com/vinizer4/go-expert-fullcycle/challenges/rate-limiter/cmd/api/main.go:14.2,17.16 3 0
github.com/vinizer4/go-expert-fullcycle/challenges/rate-limiter/cmd/api/main.go:17.16,18.13 1 0
github.com/vinizer4/go-expert-fullcycle/challenges/rate-limiter/cmd/api/main.go:21.2,21.24 1 0
github.com/vinizer4/go-expert-fullcycle/challenges/rate-limiter/config/config.go:17.39,26.45 7 0
github.com/vinizer4/go-expert-fullcycle/challenges/rate-limiter/config/config.go:26.45,27.13 1 0
github.com/vinizer4/go-expert-fullcycle/challenges/rate-limiter/config/config.go:30.2,30.44 1 0
github.com/vinizer4/go-expert-fullcycle/challenges/rate-limiter/config/config.go:30.44,31.13 1 0
github.com/vinizer4/go-expert-fullcycle/challenges/rate-limiter/config/config.go:34.2,34.15 1 0
github.com/vinizer4/go-expert-fullcycle/challenges/rate-limiter/internal/infra/database/redis.go:22.27,33.70 4 0
github.com/vinizer4/go-expert-fullcycle/challenges/rate-limiter/internal/infra/database/redis.go:33.70,35.3 1 0
github.com/vinizer4/go-expert-fullcycle/challenges/rate-limiter/internal/infra/database/redis.go:37.2,41.8 2 0
github.com/vinizer4/go-expert-fullcycle/challenges/rate-limiter/internal/infra/web/router.go:20.14,25.2 1 0
github.com/vinizer4/go-expert-fullcycle/challenges/rate-limiter/internal/infra/web/router.go:27.45,35.2 1 0
github.com/vinizer4/go-expert-fullcycle/challenges/rate-limiter/internal/infra/web/router.go:37.54,44.2 1 0
github.com/vinizer4/go-expert-fullcycle/challenges/rate-limiter/internal/infra/web/webserver.go:40.14,48.2 1 0
github.com/vinizer4/go-expert-fullcycle/challenges/rate-limiter/internal/infra/web/webserver.go:50.29,53.34 2 0
github.com/vinizer4/go-expert-fullcycle/challenges/rate-limiter/internal/infra/web/webserver.go:53.34,56.3 2 0
github.com/vinizer4/go-expert-fullcycle/challenges/rate-limiter/internal/infra/web/webserver.go:58.2,58.31 1 0
github.com/vinizer4/go-expert-fullcycle/challenges/rate-limiter/internal/infra/web/webserver.go:58.31,61.3 2 0
github.com/vinizer4/go-expert-fullcycle/challenges/rate-limiter/internal/infra/web/webserver.go:63.2,65.68 2 0
github.com/vinizer4/go-expert-fullcycle/challenges/rate-limiter/internal/infra/web/handlers/hello_handler.go:17.90,21.2 1 1
github.com/vinizer4/go-expert-fullcycle/challenges/rate-limiter/internal/infra/web/handlers/hello_handler.go:23.76,27.2 1 1
github.com/vinizer4/go-expert-fullcycle/challenges/rate-limiter/internal/infra/web/middlewares/ratelimiter.go:30.26,36.2 1 1
github.com/vinizer4/go-expert-fullcycle/challenges/rate-limiter/internal/infra/web/middlewares/ratelimiter.go:38.74,39.71 1 1
github.com/vinizer4/go-expert-fullcycle/challenges/rate-limiter/internal/infra/web/middlewares/ratelimiter.go:39.71,41.17 2 1
github.com/vinizer4/go-expert-fullcycle/challenges/rate-limiter/internal/infra/web/middlewares/ratelimiter.go:41.17,51.4 3 1
github.com/vinizer4/go-expert-fullcycle/challenges/rate-limiter/internal/infra/web/middlewares/ratelimiter.go:53.3,57.36 3 1
github.com/vinizer4/go-expert-fullcycle/challenges/rate-limiter/internal/infra/web/middlewares/ratelimiter.go:57.36,60.4 2 1
github.com/vinizer4/go-expert-fullcycle/challenges/rate-limiter/internal/infra/web/middlewares/ratelimiter.go:62.3,62.23 1 1
github.com/vinizer4/go-expert-fullcycle/challenges/rate-limiter/internal/infra/web/middlewares/ratelimiter.go:66.74,70.2 3 1
github.com/vinizer4/go-expert-fullcycle/challenges/rate-limiter/internal/pkg/dependencyinjector/injector.go:36.64,40.2 1 0
github.com/vinizer4/go-expert-fullcycle/challenges/rate-limiter/internal/pkg/dependencyinjector/injector.go:42.63,47.16 4 0
github.com/vinizer4/go-expert-fullcycle/challenges/rate-limiter/internal/pkg/dependencyinjector/injector.go:47.16,49.3 1 0
github.com/vinizer4/go-expert-fullcycle/challenges/rate-limiter/internal/pkg/dependencyinjector/injector.go:51.2,85.8 7 0
github.com/vinizer4/go-expert-fullcycle/challenges/rate-limiter/internal/pkg/logger/logger.go:19.38,25.2 2 0
github.com/vinizer4/go-expert-fullcycle/challenges/rate-limiter/internal/pkg/logger/logger.go:27.26,34.2 2 0
github.com/vinizer4/go-expert-fullcycle/challenges/rate-limiter/internal/pkg/logger/logger.go:36.45,38.2 1 0
github.com/vinizer4/go-expert-fullcycle/challenges/rate-limiter/internal/pkg/logger/logger.go:40.43,41.15 1 0
github.com/vinizer4/go-expert-fullcycle/challenges/rate-limiter/internal/pkg/logger/logger.go:42.14,43.27 1 0
github.com/vinizer4/go-expert-fullcycle/challenges/rate-limiter/internal/pkg/logger/logger.go:44.14,45.27 1 0
github.com/vinizer4/go-expert-fullcycle/challenges/rate-limiter/internal/pkg/logger/logger.go:46.15,47.28 1 0
github.com/vinizer4/go-expert-fullcycle/challenges/rate-limiter/internal/pkg/logger/logger.go:48.15,49.28 1 0
github.com/vinizer4/go-expert-fullcycle/challenges/rate-limiter/internal/pkg/logger/logger.go:50.15,51.28 1 0
github.com/vinizer4/go-expert-fullcycle/challenges/rate-limiter/internal/pkg/logger/logger.go:52.10,53.27 1 0
github.com/vinizer4/go-expert-fullcycle/challenges/rate-limiter/internal/pkg/ratelimiter/limiter.go:33.16,41.2 1 1
github.com/vinizer4/go-expert-fullcycle/challenges/rate-limiter/internal/pkg/ratelimiter/limiter.go:43.107,50.18 5 1
github.com/vinizer4/go-expert-fullcycle/challenges/rate-limiter/internal/pkg/ratelimiter/limiter.go:50.18,53.3 2 1
github.com/vinizer4/go-expert-fullcycle/challenges/rate-limiter/internal/pkg/ratelimiter/limiter.go:53.8,56.3 2 1
github.com/vinizer4/go-expert-fullcycle/challenges/rate-limiter/internal/pkg/ratelimiter/limiter.go:58.2,65.16 3 1
github.com/vinizer4/go-expert-fullcycle/challenges/rate-limiter/internal/pkg/ratelimiter/limiter.go:65.16,67.3 1 1
github.com/vinizer4/go-expert-fullcycle/challenges/rate-limiter/internal/pkg/ratelimiter/limiter.go:69.2,69.20 1 1
github.com/vinizer4/go-expert-fullcycle/challenges/rate-limiter/internal/pkg/ratelimiter/strategies/redis_limiter_strategy.go:31.25,37.2 1 1
github.com/vinizer4/go-expert-fullcycle/challenges/rate-limiter/internal/pkg/ratelimiter/strategies/redis_limiter_strategy.go:39.112,44.69 4 1
github.com/vinizer4/go-expert-fullcycle/challenges/rate-limiter/internal/pkg/ratelimiter/strategies/redis_limiter_strategy.go:44.69,46.3 1 1
github.com/vinizer4/go-expert-fullcycle/challenges/rate-limiter/internal/pkg/ratelimiter/strategies/redis_limiter_strategy.go:48.2,51.62 3 1
github.com/vinizer4/go-expert-fullcycle/challenges/rate-limiter/internal/pkg/ratelimiter/strategies/redis_limiter_strategy.go:51.62,54.73 2 1
github.com/vinizer4/go-expert-fullcycle/challenges/rate-limiter/internal/pkg/ratelimiter/strategies/redis_limiter_strategy.go:54.73,56.4 1 1
github.com/vinizer4/go-expert-fullcycle/challenges/rate-limiter/internal/pkg/ratelimiter/strategies/redis_limiter_strategy.go:57.8,59.3 1 1
github.com/vinizer4/go-expert-fullcycle/challenges/rate-limiter/internal/pkg/ratelimiter/strategies/redis_limiter_strategy.go:61.2,62.45 2 1
github.com/vinizer4/go-expert-fullcycle/challenges/rate-limiter/internal/pkg/ratelimiter/strategies/redis_limiter_strategy.go:62.45,65.3 1 1
github.com/vinizer4/go-expert-fullcycle/challenges/rate-limiter/internal/pkg/ratelimiter/strategies/redis_limiter_strategy.go:67.2,69.29 2 1
github.com/vinizer4/go-expert-fullcycle/challenges/rate-limiter/internal/pkg/ratelimiter/strategies/redis_limiter_strategy.go:69.29,77.3 1 1
github.com/vinizer4/go-expert-fullcycle/challenges/rate-limiter/internal/pkg/ratelimiter/strategies/redis_limiter_strategy.go:79.2,81.16 3 1
github.com/vinizer4/go-expert-fullcycle/challenges/rate-limiter/internal/pkg/ratelimiter/strategies/redis_limiter_strategy.go:81.16,83.3 1 1
github.com/vinizer4/go-expert-fullcycle/challenges/rate-limiter/internal/pkg/ratelimiter/strategies/redis_limiter_strategy.go:85.2,85.25 1 1
github.com/vinizer4/go-expert-fullcycle/challenges/rate-limiter/internal/pkg/ratelimiter/strategies/redis_limiter_strategy.go:85.25,93.3 1 1
github.com/vinizer4/go-expert-fullcycle/challenges/rate-limiter/internal/pkg/ratelimiter/strategies/redis_limiter_strategy.go:95.2,101.8 1 1
github.com/vinizer4/go-expert-fullcycle/challenges/rate-limiter/internal/pkg/responsehandler/web.go:15.50,17.2 1 0
github.com/vinizer4/go-expert-fullcycle/challenges/rate-limiter/internal/pkg/responsehandler/web.go:19.95,23.17 3 0
github.com/vinizer4/go-expert-fullcycle/challenges/rate-limiter/internal/pkg/responsehandler/web.go:23.17,25.3 1 0
github.com/vinizer4/go-expert-fullcycle/challenges/rate-limiter/internal/pkg/responsehandler/web.go:28.97,35.2 3 0
github.com/vinizer4/go-expert-fullcycle/challenges/rate-limiter/internal/pkg/responsehandler/web.go:37.40,40.2 2 0
