mode: set
github.com/vinizer4/go-expert-fullcycle/stress_test/cmd/cli/main.go:10.13,14.16 3 0
github.com/vinizer4/go-expert-fullcycle/stress_test/cmd/cli/main.go:14.16,16.3 1 0
github.com/vinizer4/go-expert-fullcycle/stress_test/cmd/cli/main.go:18.2,18.41 1 0
github.com/vinizer4/go-expert-fullcycle/stress_test/cmd/cli/main.go:18.41,20.3 1 0
github.com/vinizer4/go-expert-fullcycle/stress_test/internal/infra/cli/cli.go:15.42,19.2 1 0
github.com/vinizer4/go-expert-fullcycle/stress_test/internal/infra/cli/cli.go:21.29,23.2 1 0
github.com/vinizer4/go-expert-fullcycle/stress_test/internal/infra/cli/commands/stress.go:30.18,35.2 1 1
github.com/vinizer4/go-expert-fullcycle/stress_test/internal/infra/cli/commands/stress.go:37.48,50.2 6 1
github.com/vinizer4/go-expert-fullcycle/stress_test/internal/infra/cli/commands/stress.go:52.70,66.16 7 1
github.com/vinizer4/go-expert-fullcycle/stress_test/internal/infra/cli/commands/stress.go:66.16,68.3 1 1
github.com/vinizer4/go-expert-fullcycle/stress_test/internal/infra/cli/commands/stress.go:70.2,78.12 4 1
github.com/vinizer4/go-expert-fullcycle/stress_test/internal/infra/cli/commands/stress.go:81.91,87.2 4 1
github.com/vinizer4/go-expert-fullcycle/stress_test/internal/infra/cli/commands/stress.go:89.90,96.48 6 1
github.com/vinizer4/go-expert-fullcycle/stress_test/internal/infra/cli/commands/stress.go:96.48,98.3 1 1
github.com/vinizer4/go-expert-fullcycle/stress_test/internal/infra/cli/commands/stress.go:100.2,101.62 2 1
github.com/vinizer4/go-expert-fullcycle/stress_test/internal/infra/cli/commands/stress.go:101.62,103.3 1 1
github.com/vinizer4/go-expert-fullcycle/stress_test/internal/pkg/dependencyinjector/injector.go:21.50,23.2 1 0
github.com/vinizer4/go-expert-fullcycle/stress_test/internal/pkg/dependencyinjector/injector.go:25.62,36.2 6 0
github.com/vinizer4/go-expert-fullcycle/stress_test/internal/pkg/httpclient/httpclient.go:20.34,22.2 1 0
github.com/vinizer4/go-expert-fullcycle/stress_test/internal/pkg/httpclient/httpclient.go:24.58,26.16 2 0
github.com/vinizer4/go-expert-fullcycle/stress_test/internal/pkg/httpclient/httpclient.go:26.16,30.3 1 0
github.com/vinizer4/go-expert-fullcycle/stress_test/internal/pkg/httpclient/httpclient.go:32.2,37.16 4 0
github.com/vinizer4/go-expert-fullcycle/stress_test/internal/pkg/httpclient/httpclient.go:37.16,42.3 1 0
github.com/vinizer4/go-expert-fullcycle/stress_test/internal/pkg/httpclient/httpclient.go:44.2,47.3 1 0
github.com/vinizer4/go-expert-fullcycle/stress_test/internal/tests/mocks/httpclient.go:13.78,17.23 3 0
github.com/vinizer4/go-expert-fullcycle/stress_test/internal/tests/mocks/httpclient.go:17.23,19.3 1 0
github.com/vinizer4/go-expert-fullcycle/stress_test/internal/tests/mocks/httpclient.go:21.2,21.10 1 0
github.com/vinizer4/go-expert-fullcycle/stress_test/internal/tests/mocks/report.go:13.78,16.2 2 0
github.com/vinizer4/go-expert-fullcycle/stress_test/internal/tests/mocks/stress.go:13.99,16.2 2 0
github.com/vinizer4/go-expert-fullcycle/stress_test/internal/tests/utils/testutils.go:3.25,5.2 1 0
github.com/vinizer4/go-expert-fullcycle/stress_test/internal/usecases/report/report.go:17.40,19.2 1 1
github.com/vinizer4/go-expert-fullcycle/stress_test/internal/usecases/report/report.go:21.75,28.48 5 1
github.com/vinizer4/go-expert-fullcycle/stress_test/internal/usecases/report/report.go:28.48,30.3 1 1
github.com/vinizer4/go-expert-fullcycle/stress_test/internal/usecases/report/report.go:32.2,38.3 1 1
github.com/vinizer4/go-expert-fullcycle/stress_test/internal/usecases/report/report.go:41.88,44.30 2 1
github.com/vinizer4/go-expert-fullcycle/stress_test/internal/usecases/report/report.go:44.30,45.26 1 1
github.com/vinizer4/go-expert-fullcycle/stress_test/internal/usecases/report/report.go:45.26,46.12 1 1
github.com/vinizer4/go-expert-fullcycle/stress_test/internal/usecases/report/report.go:49.3,49.29 1 1
github.com/vinizer4/go-expert-fullcycle/stress_test/internal/usecases/report/report.go:52.2,52.18 1 1
github.com/vinizer4/go-expert-fullcycle/stress_test/internal/usecases/report/report.go:55.84,58.30 2 1
github.com/vinizer4/go-expert-fullcycle/stress_test/internal/usecases/report/report.go:58.30,59.21 1 1
github.com/vinizer4/go-expert-fullcycle/stress_test/internal/usecases/report/report.go:59.21,61.4 1 1
github.com/vinizer4/go-expert-fullcycle/stress_test/internal/usecases/report/report.go:64.2,64.10 1 1
github.com/vinizer4/go-expert-fullcycle/stress_test/internal/usecases/report/report.go:67.95,71.46 3 1
github.com/vinizer4/go-expert-fullcycle/stress_test/internal/usecases/report/report.go:71.46,74.26 2 1
github.com/vinizer4/go-expert-fullcycle/stress_test/internal/usecases/report/report.go:74.26,76.12 2 1
github.com/vinizer4/go-expert-fullcycle/stress_test/internal/usecases/report/report.go:79.3,79.25 1 1
github.com/vinizer4/go-expert-fullcycle/stress_test/internal/usecases/report/report.go:79.25,81.4 1 1
github.com/vinizer4/go-expert-fullcycle/stress_test/internal/usecases/report/report.go:83.3,83.45 1 1
github.com/vinizer4/go-expert-fullcycle/stress_test/internal/usecases/report/report.go:86.2,86.20 1 1
github.com/vinizer4/go-expert-fullcycle/stress_test/internal/usecases/stress/stress.go:30.80,43.2 6 1
github.com/vinizer4/go-expert-fullcycle/stress_test/internal/usecases/stress/stress.go:45.96,46.48 1 1
github.com/vinizer4/go-expert-fullcycle/stress_test/internal/usecases/stress/stress.go:46.48,48.3 1 1
github.com/vinizer4/go-expert-fullcycle/stress_test/internal/usecases/stress/stress.go:50.2,58.46 6 1
github.com/vinizer4/go-expert-fullcycle/stress_test/internal/usecases/stress/stress.go:58.46,60.3 1 1
github.com/vinizer4/go-expert-fullcycle/stress_test/internal/usecases/stress/stress.go:62.2,65.22 3 1
github.com/vinizer4/go-expert-fullcycle/stress_test/internal/usecases/stress/stress.go:65.22,69.3 1 1
github.com/vinizer4/go-expert-fullcycle/stress_test/internal/usecases/stress/stress.go:71.2,80.33 5 1
github.com/vinizer4/go-expert-fullcycle/stress_test/internal/usecases/stress/stress.go:80.33,83.3 2 1
github.com/vinizer4/go-expert-fullcycle/stress_test/internal/usecases/stress/stress.go:85.2,85.20 1 1
github.com/vinizer4/go-expert-fullcycle/stress_test/internal/usecases/stress/stress.go:88.77,90.2 1 1
github.com/vinizer4/go-expert-fullcycle/stress_test/internal/usecases/stress/stress.go:96.3,97.24 1 1
github.com/vinizer4/go-expert-fullcycle/stress_test/internal/usecases/stress/stress.go:97.24,102.3 3 1
